#
# There is insufficient memory for the Java Runtime Environment to continue.
# Native memory allocation (malloc) failed to allocate 67456 bytes. Error detail: Chunk::new
# Possible reasons:
#   The system is out of physical RAM or swap space
#   This process is running with CompressedOops enabled, and the Java Heap may be blocking the growth of the native heap
# Possible solutions:
#   Reduce memory load on the system
#   Increase physical memory or swap space
#   Check if swap backing store is full
#   Decrease Java heap size (-Xmx/-Xms)
#   Decrease number of Java threads
#   Decrease Java thread stack sizes (-Xss)
#   Set larger code cache with -XX:ReservedCodeCacheSize=
#   JVM is running with Unscaled Compressed Oops mode in which the Java heap is
#     placed in the first 4GB address space. The Java Heap base address is the
#     maximum limit for the native heap growth. Please use -XX:HeapBaseMinAddress
#     to set the Java Heap base and to place the Java Heap above 4GB virtual address.
# This output file may be truncated or incomplete.
#
#  Out of Memory Error (arena.cpp:168), pid=13692, tid=19352
#
# JRE version: OpenJDK Runtime Environment Temurin-21.0.10+7 (21.0.10+7) (build 21.0.10+7-LTS)
# Java VM: OpenJDK 64-Bit Server VM Temurin-21.0.10+7 (21.0.10+7-LTS, mixed mode, sharing, tiered, compressed oops, compressed class ptrs, parallel gc, windows-amd64)
# No core dump will be written. Minidumps are not enabled by default on client versions of Windows
#

---------------  S U M M A R Y ------------

Command Line: --add-modules=ALL-SYSTEM --add-opens=java.base/java.util=ALL-UNNAMED --add-opens=java.base/java.lang=ALL-UNNAMED --add-opens=java.base/sun.nio.fs=ALL-UNNAMED -Declipse.application=org.eclipse.jdt.ls.core.id1 -Dosgi.bundles.defaultStartLevel=4 -Declipse.product=org.eclipse.jdt.ls.core.product -Djava.import.generatesMetadataFilesAtProjectRoot=false -DDetectVMInstallationsJob.disabled=true -Dfile.encoding=utf8 -XX:+UseParallelGC -XX:GCTimeRatio=4 -XX:AdaptiveSizePolicyWeight=90 -Dsun.zip.disableMemoryMapping=true -Xmx2G -Xms100m -Xlog:disable -javaagent:c:\Users\57623\.vscode\extensions\redhat.java-1.53.0-win32-x64\lombok\lombok-1.18.39-4050.jar c:\Users\57623\.vscode\extensions\redhat.java-1.53.0-win32-x64\server\plugins\org.eclipse.equinox.launcher_1.7.100.v20251111-0406.jar -configuration c:\Users\57623\AppData\Roaming\Code\User\globalStorage\redhat.java\1.53.0\config_ss_win -data c:\Users\57623\AppData\Roaming\Code\User\workspaceStorage\11402382e2d97f95c3912738e4aab1d9\redhat.java\ss_ws --pipe=\\.\pipe\lsp-344387549ad6e47584fc37f9cfcc9431-sock

Host: 11th Gen Intel(R) Core(TM) i3-1115G4 @ 3.00GHz, 4 cores, 7G,  Windows 11 , 64 bit Build 26100 (10.0.26100.7705)
Time: Tue Mar 17 15:50:50 2026 SE Asia Standard Time elapsed time: 62.896403 seconds (0d 0h 1m 2s)

---------------  T H R E A D  ---------------

Current thread (0x0000021bf0b3c010):  JavaThread "C2 CompilerThread0" daemon [_thread_in_native, id=19352, stack(0x000000ccf5700000,0x000000ccf5800000) (1024K)]


Current CompileTask:
C2:62900 1229       4       java.lang.StringLatin1::toUpperCase (186 bytes)

Stack: [0x000000ccf5700000,0x000000ccf5800000]
Native frames: (J=compiled Java code, j=interpreted, Vv=VM code, C=native code)
V  [jvm.dll+0x6d7a39]
V  [jvm.dll+0x8b4b26]
V  [jvm.dll+0x8b70de]
V  [jvm.dll+0x8b77c3]
V  [jvm.dll+0x284346]
V  [jvm.dll+0xc66ed]
V  [jvm.dll+0xc6c31]
V  [jvm.dll+0x2fb29e]
V  [jvm.dll+0x5fe884]
V  [jvm.dll+0x255b17]
V  [jvm.dll+0x24df54]
V  [jvm.dll+0x24ba42]
V  [jvm.dll+0x1cb34e]
V  [jvm.dll+0x25b85d]
V  [jvm.dll+0x259dea]
V  [jvm.dll+0x3f857e]
V  [jvm.dll+0x85f59d]
V  [jvm.dll+0x6d626d]
C  [ucrtbase.dll+0x37b0]
C  [KERNEL32.DLL+0x2e8d7]
C  [ntdll.dll+0x8c40c]


---------------  P R O C E S S  ---------------

Threads class SMR info:
_java_thread_list=0x0000021bf93d5840, length=16, elements={
0x0000021bf0c40360, 0x0000021bf0cee670, 0x0000021bf0b2a0e0, 0x0000021bf0b2e040,
0x0000021bf0b2eaa0, 0x0000021bf0b36740, 0x0000021bf0b3b1d0, 0x0000021bf0b3c010,
0x0000021bf0b41b30, 0x0000021bf925bfa0, 0x0000021bf9396f30, 0x0000021bf97b85f0,
0x0000021bf97b8c60, 0x0000021bf9a532a0, 0x0000021bf957ce50, 0x0000021bf9430fa0
}

Java Threads: ( => current thread )
  0x0000021bf0c40360 JavaThread "main"                              [_thread_in_native, id=12536, stack(0x000000ccf4d00000,0x000000ccf4e00000) (1024K)]
  0x0000021bf0cee670 JavaThread "Reference Handler"          daemon [_thread_blocked, id=5280, stack(0x000000ccf5100000,0x000000ccf5200000) (1024K)]
  0x0000021bf0b2a0e0 JavaThread "Finalizer"                  daemon [_thread_blocked, id=5588, stack(0x000000ccf5200000,0x000000ccf5300000) (1024K)]
  0x0000021bf0b2e040 JavaThread "Signal Dispatcher"          daemon [_thread_blocked, id=8556, stack(0x000000ccf5300000,0x000000ccf5400000) (1024K)]
  0x0000021bf0b2eaa0 JavaThread "Attach Listener"            daemon [_thread_blocked, id=12488, stack(0x000000ccf5400000,0x000000ccf5500000) (1024K)]
  0x0000021bf0b36740 JavaThread "Service Thread"             daemon [_thread_blocked, id=18328, stack(0x000000ccf5500000,0x000000ccf5600000) (1024K)]
  0x0000021bf0b3b1d0 JavaThread "Monitor Deflation Thread"   daemon [_thread_blocked, id=1880, stack(0x000000ccf5600000,0x000000ccf5700000) (1024K)]
=>0x0000021bf0b3c010 JavaThread "C2 CompilerThread0"         daemon [_thread_in_native, id=19352, stack(0x000000ccf5700000,0x000000ccf5800000) (1024K)]
  0x0000021bf0b41b30 JavaThread "C1 CompilerThread0"         daemon [_thread_blocked, id=2128, stack(0x000000ccf5800000,0x000000ccf5900000) (1024K)]
  0x0000021bf925bfa0 JavaThread "Common-Cleaner"             daemon [_thread_blocked, id=15288, stack(0x000000ccf5900000,0x000000ccf5a00000) (1024K)]
  0x0000021bf9396f30 JavaThread "Notification Thread"        daemon [_thread_blocked, id=12744, stack(0x000000ccf5a00000,0x000000ccf5b00000) (1024K)]
  0x0000021bf97b85f0 JavaThread "Equinox resolver thread - Equinox Container: da18dfb3-b6fe-40f9-b285-5e63c0da92e4" daemon [_thread_blocked, id=13704, stack(0x000000ccf4b00000,0x000000ccf4c00000) (1024K)]
  0x0000021bf97b8c60 JavaThread "Equinox resolver thread - Equinox Container: da18dfb3-b6fe-40f9-b285-5e63c0da92e4" daemon [_thread_blocked, id=17144, stack(0x000000ccf4c00000,0x000000ccf4d00000) (1024K)]
  0x0000021bf9a532a0 JavaThread "Equinox resolver thread - Equinox Container: da18dfb3-b6fe-40f9-b285-5e63c0da92e4" daemon [_thread_blocked, id=13916, stack(0x000000ccf5b00000,0x000000ccf5c00000) (1024K)]
  0x0000021bf957ce50 JavaThread "Equinox resolver thread - Equinox Container: da18dfb3-b6fe-40f9-b285-5e63c0da92e4" daemon [_thread_blocked, id=12372, stack(0x000000ccf5f00000,0x000000ccf6000000) (1024K)]
  0x0000021bf9430fa0 JavaThread "Active Thread: Equinox Container: da18dfb3-b6fe-40f9-b285-5e63c0da92e4"        [_thread_blocked, id=17676, stack(0x000000ccf4a00000,0x000000ccf4b00000) (1024K)]
Total: 16

Other Threads:
  0x0000021bf0b1f690 VMThread "VM Thread"                           [id=14520, stack(0x000000ccf5000000,0x000000ccf5100000) (1024K)]
  0x0000021bf0abc950 WatcherThread "VM Periodic Task Thread"        [id=4016, stack(0x000000ccf4f00000,0x000000ccf5000000) (1024K)]
  0x0000021bf0c57280 WorkerThread "GC Thread#0"                     [id=15112, stack(0x000000ccf4e00000,0x000000ccf4f00000) (1024K)]
  0x0000021bf94ab5d0 WorkerThread "GC Thread#1"                     [id=11112, stack(0x000000ccf5c00000,0x000000ccf5d00000) (1024K)]
  0x0000021bf9996180 WorkerThread "GC Thread#2"                     [id=16516, stack(0x000000ccf5d00000,0x000000ccf5e00000) (1024K)]
  0x0000021bf9996530 WorkerThread "GC Thread#3"                     [id=3632, stack(0x000000ccf5e00000,0x000000ccf5f00000) (1024K)]
Total: 6

Threads with active compile tasks:
C2 CompilerThread0  64418 1229       4       java.lang.StringLatin1::toUpperCase (186 bytes)
Total: 1

VM state: not at safepoint (normal execution)

VM Mutex/Monitor currently owned by a thread: None

Heap address: 0x0000000080000000, size: 2048 MB, Compressed Oops mode: 32-bit

CDS archive(s) mapped at: [0x0000021b8f000000-0x0000021b8fba0000-0x0000021b8fba0000), size 12189696, SharedBaseAddress: 0x0000021b8f000000, ArchiveRelocationMode: 1.
Compressed class space mapped at: 0x0000021b90000000-0x0000021bd0000000, reserved size: 1073741824
Narrow klass base: 0x0000021b8f000000, Narrow klass shift: 0, Narrow klass range: 0x100000000

GC Precious Log:
 CardTable entry size: 512
 CPUs: 4 total, 4 available
 Memory: 7886M
 Large Page Support: Disabled
 NUMA Support: Disabled
 Compressed Oops: Enabled (32-bit)
 Alignments: Space 512K, Generation 512K, Heap 2M
 Heap Min Capacity: 100M
 Heap Initial Capacity: 100M
 Heap Max Capacity: 2G
 Pre-touch: Disabled
 Parallel Workers: 4

Heap:
 PSYoungGen      total 29696K, used 26393K [0x00000000d5580000, 0x00000000d7680000, 0x0000000100000000)
  eden space 25600K, 90% used [0x00000000d5580000,0x00000000d6c0e5d0,0x00000000d6e80000)
  from space 4096K, 80% used [0x00000000d6e80000,0x00000000d71b8158,0x00000000d7280000)
  to   space 4096K, 0% used [0x00000000d7280000,0x00000000d7280000,0x00000000d7680000)
 ParOldGen       total 68608K, used 24K [0x0000000080000000, 0x0000000084300000, 0x00000000d5580000)
  object space 68608K, 0% used [0x0000000080000000,0x0000000080006000,0x0000000084300000)
 Metaspace       used 8305K, committed 8640K, reserved 1114112K
  class space    used 883K, committed 1024K, reserved 1048576K

Card table byte_map: [0x0000021bf05d0000,0x0000021bf09e0000] _byte_map_base: 0x0000021bf01d0000

Marking Bits: (ParMarkBitMap*) 0x00007fff15083450
 Begin Bits: [0x0000021bf40e0000, 0x0000021bf60e0000)
 End Bits:   [0x0000021bf60e0000, 0x0000021bf80e0000)

Polling page: 0x0000021beea60000

Metaspace:

Usage:
  Non-class:      7.25 MB used.
      Class:    883.99 KB used.
       Both:      8.11 MB used.

Virtual space:
  Non-class space:       64.00 MB reserved,       7.44 MB ( 12%) committed,  1 nodes.
      Class space:        1.00 GB reserved,       1.00 MB ( <1%) committed,  1 nodes.
             Both:        1.06 GB reserved,       8.44 MB ( <1%) committed. 

Chunk freelists:
   Non-Class:  8.61 MB
       Class:  14.89 MB
        Both:  23.50 MB

MaxMetaspaceSize: unlimited
CompressedClassSpaceSize: 1.00 GB
Initial GC threshold: 21.00 MB
Current GC threshold: 21.00 MB
CDS: on
 - commit_granule_bytes: 65536.
 - commit_granule_words: 8192.
 - virtual_space_node_default_size: 8388608.
 - enlarge_chunks_in_place: 1.
 - use_allocation_guard: 0.


Internal statistics:

num_allocs_failed_limit: 0.
num_arena_births: 224.
num_arena_deaths: 0.
num_vsnodes_births: 2.
num_vsnodes_deaths: 0.
num_space_committed: 135.
num_space_uncommitted: 0.
num_chunks_returned_to_freelist: 0.
num_chunks_taken_from_freelist: 423.
num_chunk_merges: 0.
num_chunk_splits: 274.
num_chunks_enlarged: 182.
num_inconsistent_stats: 0.

CodeHeap 'non-profiled nmethods': size=120000Kb used=620Kb max_used=620Kb free=119379Kb
 bounds [0x0000021b87ad0000, 0x0000021b87d40000, 0x0000021b8f000000]
CodeHeap 'profiled nmethods': size=120000Kb used=3014Kb max_used=3014Kb free=116985Kb
 bounds [0x0000021b80000000, 0x0000021b80300000, 0x0000021b87530000]
CodeHeap 'non-nmethods': size=5760Kb used=1220Kb max_used=1236Kb free=4539Kb
 bounds [0x0000021b87530000, 0x0000021b877a0000, 0x0000021b87ad0000]
CodeCache: size=245760Kb, used=4854Kb, max_used=4870Kb, free=240903Kb
 total_blobs=2126, nmethods=1648, adapters=385, full_count=0
Compilation: enabled, stopped_count=0, restarted_count=0

Compilation events (20 events):
Event: 62.530 Thread 0x0000021bf0b41b30 nmethod 1219 0x0000021b801eff10 code [0x0000021b801f00c0, 0x0000021b801f02a0]
Event: 62.668 Thread 0x0000021bf0b41b30 1220       3       java.net.URL::getDefaultPort (8 bytes)
Event: 62.669 Thread 0x0000021bf0b41b30 nmethod 1220 0x0000021b801f0390 code [0x0000021b801f0540, 0x0000021b801f0730]
Event: 62.669 Thread 0x0000021bf0b41b30 1221       3       java.lang.Record::<init> (5 bytes)
Event: 62.669 Thread 0x0000021bf0b41b30 nmethod 1221 0x0000021b801f0810 code [0x0000021b801f09c0, 0x0000021b801f0b28]
Event: 62.685 Thread 0x0000021bf0b41b30 1222   !   3       java.util.concurrent.ConcurrentHashMap::computeIfAbsent (576 bytes)
Event: 62.687 Thread 0x0000021bf0b41b30 nmethod 1222 0x0000021b801f0c10 code [0x0000021b801f1040, 0x0000021b801f31b0]
Event: 62.687 Thread 0x0000021bf0b41b30 1223       3       java.io.FilterInputStream::<init> (10 bytes)
Event: 62.687 Thread 0x0000021bf0b41b30 nmethod 1223 0x0000021b801f4290 code [0x0000021b801f4440, 0x0000021b801f4628]
Event: 62.687 Thread 0x0000021bf0b41b30 1224       3       java.lang.ref.Reference::clear (5 bytes)
Event: 62.687 Thread 0x0000021bf0b41b30 nmethod 1224 0x0000021b801f4710 code [0x0000021b801f48c0, 0x0000021b801f49f8]
Event: 62.720 Thread 0x0000021bf0b41b30 1225       1       java.util.concurrent.locks.AbstractOwnableSynchronizer::getExclusiveOwnerThread (5 bytes)
Event: 62.720 Thread 0x0000021bf0b41b30 nmethod 1225 0x0000021b87b51990 code [0x0000021b87b51b20, 0x0000021b87b51be8]
Event: 62.720 Thread 0x0000021bf0b41b30 1226       1       java.util.concurrent.locks.AbstractQueuedSynchronizer::setState (6 bytes)
Event: 62.720 Thread 0x0000021bf0b41b30 nmethod 1226 0x0000021b87b51c90 code [0x0000021b87b51e20, 0x0000021b87b51ef0]
Event: 62.738 Thread 0x0000021bf0b41b30 1227       3       java.io.BufferedReader::implReadLine (301 bytes)
Event: 62.739 Thread 0x0000021bf0b41b30 nmethod 1227 0x0000021b801f4a90 code [0x0000021b801f4d80, 0x0000021b801f5d78]
Event: 62.749 Thread 0x0000021bf0b3c010 1228       4       java.lang.String::isEmpty (14 bytes)
Event: 62.749 Thread 0x0000021bf0b3c010 nmethod 1228 0x0000021b87b51f90 code [0x0000021b87b52120, 0x0000021b87b521c8]
Event: 62.749 Thread 0x0000021bf0b3c010 1229       4       java.lang.StringLatin1::toUpperCase (186 bytes)

GC Heap History (2 events):
Event: 32.637 GC heap before
{Heap before GC invocations=1 (full 0):
 PSYoungGen      total 29696K, used 25600K [0x00000000d5580000, 0x00000000d7680000, 0x0000000100000000)
  eden space 25600K, 100% used [0x00000000d5580000,0x00000000d6e80000,0x00000000d6e80000)
  from space 4096K, 0% used [0x00000000d7280000,0x00000000d7280000,0x00000000d7680000)
  to   space 4096K, 0% used [0x00000000d6e80000,0x00000000d6e80000,0x00000000d7280000)
 ParOldGen       total 68608K, used 0K [0x0000000080000000, 0x0000000084300000, 0x00000000d5580000)
  object space 68608K, 0% used [0x0000000080000000,0x0000000080000000,0x0000000084300000)
 Metaspace       used 4530K, committed 4800K, reserved 1114112K
  class space    used 494K, committed 576K, reserved 1048576K
}
Event: 32.699 GC heap after
{Heap after GC invocations=1 (full 0):
 PSYoungGen      total 29696K, used 3296K [0x00000000d5580000, 0x00000000d7680000, 0x0000000100000000)
  eden space 25600K, 0% used [0x00000000d5580000,0x00000000d5580000,0x00000000d6e80000)
  from space 4096K, 80% used [0x00000000d6e80000,0x00000000d71b8158,0x00000000d7280000)
  to   space 4096K, 0% used [0x00000000d7280000,0x00000000d7280000,0x00000000d7680000)
 ParOldGen       total 68608K, used 24K [0x0000000080000000, 0x0000000084300000, 0x00000000d5580000)
  object space 68608K, 0% used [0x0000000080000000,0x0000000080006000,0x0000000084300000)
 Metaspace       used 4530K, committed 4800K, reserved 1114112K
  class space    used 494K, committed 576K, reserved 1048576K
}

Dll operation events (8 events):
Event: 0.184 Loaded shared library c:\Users\57623\.vscode\extensions\redhat.java-1.53.0-win32-x64\jre\21.0.10-win32-x86_64\bin\java.dll
Event: 23.403 Loaded shared library c:\Users\57623\.vscode\extensions\redhat.java-1.53.0-win32-x64\jre\21.0.10-win32-x86_64\bin\zip.dll
Event: 24.321 Loaded shared library C:\Users\57623\.vscode\extensions\redhat.java-1.53.0-win32-x64\jre\21.0.10-win32-x86_64\bin\instrument.dll
Event: 25.520 Loaded shared library C:\Users\57623\.vscode\extensions\redhat.java-1.53.0-win32-x64\jre\21.0.10-win32-x86_64\bin\net.dll
Event: 26.182 Loaded shared library C:\Users\57623\.vscode\extensions\redhat.java-1.53.0-win32-x64\jre\21.0.10-win32-x86_64\bin\nio.dll
Event: 26.506 Loaded shared library C:\Users\57623\.vscode\extensions\redhat.java-1.53.0-win32-x64\jre\21.0.10-win32-x86_64\bin\zip.dll
Event: 27.364 Loaded shared library C:\Users\57623\.vscode\extensions\redhat.java-1.53.0-win32-x64\jre\21.0.10-win32-x86_64\bin\jimage.dll
Event: 28.502 Loaded shared library c:\Users\57623\.vscode\extensions\redhat.java-1.53.0-win32-x64\jre\21.0.10-win32-x86_64\bin\verify.dll

Deoptimization events (20 events):
Event: 32.895 Thread 0x0000021bf0c40360 Uncommon trap: trap_request=0xffffffde fr.pc=0x0000021b87b1d914 relative=0x0000000000000574
Event: 32.896 Thread 0x0000021bf0c40360 Uncommon trap: reason=class_check action=maybe_recompile pc=0x0000021b87b1d914 method=java.util.Collections$UnmodifiableCollection$1.<init>(Ljava/util/Collections$UnmodifiableCollection;)V @ 17 c2
Event: 32.896 Thread 0x0000021bf0c40360 DEOPT PACKING pc=0x0000021b87b1d914 sp=0x000000ccf4dfeaf0
Event: 32.896 Thread 0x0000021bf0c40360 DEOPT UNPACKING pc=0x0000021b87586da2 sp=0x000000ccf4dfea38 mode 2
Event: 32.896 Thread 0x0000021bf0c40360 Uncommon trap: trap_request=0xffffff45 fr.pc=0x0000021b87b39438 relative=0x0000000000000278
Event: 32.896 Thread 0x0000021bf0c40360 Uncommon trap: reason=unstable_if action=reinterpret pc=0x0000021b87b39438 method=java.util.HashMap.hash(Ljava/lang/Object;)I @ 1 c2
Event: 32.896 Thread 0x0000021bf0c40360 DEOPT PACKING pc=0x0000021b87b39438 sp=0x000000ccf4dfeaa0
Event: 32.896 Thread 0x0000021bf0c40360 DEOPT UNPACKING pc=0x0000021b87586da2 sp=0x000000ccf4dfe938 mode 2
Event: 32.897 Thread 0x0000021bf0c40360 Uncommon trap: trap_request=0xffffff45 fr.pc=0x0000021b87b3d5bc relative=0x000000000000027c
Event: 32.897 Thread 0x0000021bf0c40360 Uncommon trap: reason=unstable_if action=reinterpret pc=0x0000021b87b3d5bc method=java.util.HashMap.hash(Ljava/lang/Object;)I @ 1 c2
Event: 32.897 Thread 0x0000021bf0c40360 DEOPT PACKING pc=0x0000021b87b3d5bc sp=0x000000ccf4dfea10
Event: 32.897 Thread 0x0000021bf0c40360 DEOPT UNPACKING pc=0x0000021b87586da2 sp=0x000000ccf4dfe918 mode 2
Event: 32.898 Thread 0x0000021bf0c40360 Uncommon trap: trap_request=0xffffff45 fr.pc=0x0000021b87b38ed0 relative=0x00000000000000b0
Event: 32.898 Thread 0x0000021bf0c40360 Uncommon trap: reason=unstable_if action=reinterpret pc=0x0000021b87b38ed0 method=java.util.HashMap.hash(Ljava/lang/Object;)I @ 1 c2
Event: 32.898 Thread 0x0000021bf0c40360 DEOPT PACKING pc=0x0000021b87b38ed0 sp=0x000000ccf4dfeac0
Event: 32.898 Thread 0x0000021bf0c40360 DEOPT UNPACKING pc=0x0000021b87586da2 sp=0x000000ccf4dfea58 mode 2
Event: 32.898 Thread 0x0000021bf0c40360 Uncommon trap: trap_request=0xffffffde fr.pc=0x0000021b87b1d914 relative=0x0000000000000574
Event: 32.898 Thread 0x0000021bf0c40360 Uncommon trap: reason=class_check action=maybe_recompile pc=0x0000021b87b1d914 method=java.util.Collections$UnmodifiableCollection$1.<init>(Ljava/util/Collections$UnmodifiableCollection;)V @ 17 c2
Event: 32.898 Thread 0x0000021bf0c40360 DEOPT PACKING pc=0x0000021b87b1d914 sp=0x000000ccf4dfeaf0
Event: 32.898 Thread 0x0000021bf0c40360 DEOPT UNPACKING pc=0x0000021b87586da2 sp=0x000000ccf4dfea38 mode 2

Classes loaded (20 events):
Event: 58.903 Loading class sun/nio/ch/FileLockImpl
Event: 58.904 Loading class java/nio/channels/FileLock
Event: 58.904 Loading class java/nio/channels/FileLock done
Event: 58.904 Loading class sun/nio/ch/FileLockImpl done
Event: 58.905 Loading class sun/nio/ch/FileLockTable
Event: 58.905 Loading class sun/nio/ch/FileLockTable done
Event: 58.905 Loading class sun/nio/ch/FileKey
Event: 58.907 Loading class sun/nio/ch/FileKey done
Event: 58.919 Loading class sun/nio/ch/FileLockTable$FileLockReference
Event: 58.920 Loading class sun/nio/ch/FileLockTable$FileLockReference done
Event: 59.982 Loading class java/io/DeleteOnExitHook
Event: 59.985 Loading class java/io/DeleteOnExitHook done
Event: 59.985 Loading class java/io/DeleteOnExitHook$1
Event: 59.987 Loading class java/io/DeleteOnExitHook$1 done
Event: 62.672 Loading class java/security/AllPermissionCollection
Event: 62.684 Loading class java/security/AllPermissionCollection done
Event: 62.720 Loading class java/lang/ArrayIndexOutOfBoundsException
Event: 62.733 Loading class java/lang/IndexOutOfBoundsException
Event: 62.737 Loading class java/lang/IndexOutOfBoundsException done
Event: 62.737 Loading class java/lang/ArrayIndexOutOfBoundsException done

Classes unloaded (0 events):
No events

Classes redefined (0 events):
No events

Internal exceptions (20 events):
Event: 30.259 Thread 0x0000021bf0c40360 Exception <a 'java/io/FileNotFoundException'{0x00000000d64af3b0}> (0x00000000d64af3b0) 
thrown [s\src\hotspot\share\prims\jni.cpp, line 520]
Event: 30.260 Thread 0x0000021bf0c40360 Exception <a 'java/io/FileNotFoundException'{0x00000000d64afef0}> (0x00000000d64afef0) 
thrown [s\src\hotspot\share\prims\jni.cpp, line 520]
Event: 30.278 Thread 0x0000021bf0c40360 Implicit null exception at 0x0000021b87b036a4 to 0x0000021b87b03ca4
Event: 30.300 Thread 0x0000021bf0c40360 Exception <a 'java/io/FileNotFoundException'{0x00000000d64ea2d8}> (0x00000000d64ea2d8) 
thrown [s\src\hotspot\share\prims\jni.cpp, line 520]
Event: 30.432 Thread 0x0000021bf0c40360 Exception <a 'java/lang/NoSuchMethodError'{0x00000000d6523728}: 'java.lang.Object java.lang.invoke.DirectMethodHandle$Holder.invokeInterface(java.lang.Object, java.lang.Object)'> (0x00000000d6523728) 
thrown [s\src\hotspot\share\interpreter\linkResolver.cpp, line 773]
Event: 30.483 Thread 0x0000021bf0c40360 Exception <a 'java/lang/NoSuchMethodError'{0x00000000d6536cb8}: 'java.lang.Object java.lang.invoke.Invokers$Holder.invokeExact_MT(java.lang.Object, java.lang.Object, java.lang.Object, java.lang.Object, java.lang.Object, java.lang.Object)'> (0x00000000d6536cb8) 
thrown [s\src\hotspot\share\interpreter\linkResolver.cpp, line 773]
Event: 30.567 Thread 0x0000021bf0c40360 Exception <a 'java/lang/NoSuchMethodError'{0x00000000d654dfe8}: 'int java.lang.invoke.DirectMethodHandle$Holder.invokeStatic(java.lang.Object, java.lang.Object, java.lang.Object, java.lang.Object, java.lang.Object)'> (0x00000000d654dfe8) 
thrown [s\src\hotspot\share\interpreter\linkResolver.cpp, line 773]
Event: 30.966 Thread 0x0000021bf0c40360 Exception <a 'java/lang/NoSuchMethodError'{0x00000000d65e1958}: 'java.lang.Object java.lang.invoke.DirectMethodHandle$Holder.invokeInterface(java.lang.Object, java.lang.Object, int)'> (0x00000000d65e1958) 
thrown [s\src\hotspot\share\interpreter\linkResolver.cpp, line 773]
Event: 31.385 Thread 0x0000021bf0c40360 Exception <a 'sun/nio/fs/WindowsException'{0x00000000d6627dd8}> (0x00000000d6627dd8) 
thrown [s\src\hotspot\share\prims\jni.cpp, line 520]
Event: 31.398 Thread 0x0000021bf0c40360 Exception <a 'sun/nio/fs/WindowsException'{0x00000000d662d180}> (0x00000000d662d180) 
thrown [s\src\hotspot\share\prims\jni.cpp, line 520]
Event: 32.222 Thread 0x0000021bf0c40360 Exception <a 'java/lang/NoSuchMethodError'{0x00000000d6a90280}: 'java.lang.ClassLoader java.lang.ClassLoader.getPlatformClassLoader(java.lang.Class)'> (0x00000000d6a90280) 
thrown [s\src\hotspot\share\interpreter\linkResolver.cpp, line 773]
Event: 32.755 Thread 0x0000021bf0c40360 Exception <a 'java/lang/ClassNotFoundException'{0x00000000d55b10d0}: sun/net/www/protocol/c/Handler> (0x00000000d55b10d0) 
thrown [s\src\hotspot\share\classfile\systemDictionary.cpp, line 312]
Event: 32.755 Thread 0x0000021bf0c40360 Exception <a 'java/lang/ClassNotFoundException'{0x00000000d55b2448}: sun/net/www/protocol/d/Handler> (0x00000000d55b2448) 
thrown [s\src\hotspot\share\classfile\systemDictionary.cpp, line 312]
Event: 32.755 Thread 0x0000021bf0c40360 Exception <a 'java/lang/ClassNotFoundException'{0x00000000d55b35e0}: sun/net/www/protocol/c/Handler> (0x00000000d55b35e0) 
thrown [s\src\hotspot\share\classfile\systemDictionary.cpp, line 312]
Event: 32.784 Thread 0x0000021bf0c40360 Exception <a 'java/io/FileNotFoundException'{0x00000000d55db8f8}> (0x00000000d55db8f8) 
thrown [s\src\hotspot\share\prims\jni.cpp, line 520]
Event: 32.893 Thread 0x0000021bf0c40360 Implicit null exception at 0x0000021b87b496c9 to 0x0000021b87b4a1c0
Event: 32.896 Thread 0x0000021bf0c40360 Implicit null exception at 0x0000021b87b3921a to 0x0000021b87b39420
Event: 32.896 Thread 0x0000021bf0c40360 Exception <a 'java/lang/NoSuchMethodError'{0x00000000d574b898}: 'void java.lang.invoke.DirectMethodHandle$Holder.invokeStatic(java.lang.Object, java.lang.Object, java.lang.Object, java.lang.Object)'> (0x00000000d574b898) 
thrown [s\src\hotspot\share\interpreter\linkResolver.cpp, line 773]
Event: 32.897 Thread 0x0000021bf0c40360 Implicit null exception at 0x0000021b87b3d39a to 0x0000021b87b3d5a4
Event: 32.898 Thread 0x0000021bf0c40360 Implicit null exception at 0x0000021b87b38e3d to 0x0000021b87b38ec1

ZGC Phase Switch (0 events):
No events

VM Operations (20 events):
Event: 29.592 Executing safepoint VM operation: Cleanup
Event: 29.608 Executing safepoint VM operation: Cleanup done
Event: 29.817 Executing non-safepoint VM operation: HandshakeAllThreads (Deoptimize)
Event: 29.817 Executing non-safepoint VM operation: HandshakeAllThreads (Deoptimize) done
Event: 29.901 Executing non-safepoint VM operation: HandshakeAllThreads (Deoptimize)
Event: 29.901 Executing non-safepoint VM operation: HandshakeAllThreads (Deoptimize) done
Event: 30.909 Executing safepoint VM operation: Cleanup
Event: 30.930 Executing safepoint VM operation: Cleanup done
Event: 31.942 Executing safepoint VM operation: Cleanup
Event: 31.959 Executing safepoint VM operation: Cleanup done
Event: 32.633 Executing safepoint VM operation: ParallelGCFailedAllocation (Allocation Failure)
Event: 32.699 Executing safepoint VM operation: ParallelGCFailedAllocation (Allocation Failure) done
Event: 33.708 Executing safepoint VM operation: Cleanup
Event: 33.708 Executing safepoint VM operation: Cleanup done
Event: 48.793 Executing safepoint VM operation: Cleanup
Event: 48.809 Executing safepoint VM operation: Cleanup done
Event: 49.824 Executing safepoint VM operation: Cleanup
Event: 49.824 Executing safepoint VM operation: Cleanup done
Event: 50.838 Executing safepoint VM operation: Cleanup
Event: 50.838 Executing safepoint VM operation: Cleanup done

Memory protections (0 events):
No events

Nmethod flushes (0 events):
No events

Events (17 events):
Event: 0.207 Thread 0x0000021bf0c40360 Thread added: 0x0000021bf0c40360
Event: 23.476 Thread 0x0000021bf0c40360 Thread added: 0x0000021bf0cee670
Event: 23.478 Thread 0x0000021bf0c40360 Thread added: 0x0000021bf0b2a0e0
Event: 23.478 Thread 0x0000021bf0c40360 Thread added: 0x0000021bf0b2e040
Event: 23.479 Thread 0x0000021bf0c40360 Thread added: 0x0000021bf0b2eaa0
Event: 23.488 Thread 0x0000021bf0c40360 Thread added: 0x0000021bf0b36740
Event: 23.488 Thread 0x0000021bf0c40360 Thread added: 0x0000021bf0b3b1d0
Event: 23.488 Thread 0x0000021bf0c40360 Thread added: 0x0000021bf0b3c010
Event: 23.492 Thread 0x0000021bf0c40360 Thread added: 0x0000021bf0b41b30
Event: 24.076 Thread 0x0000021bf0b41b30 Thread added: 0x0000021bf925bfa0
Event: 24.322 Thread 0x0000021bf925bfa0 Thread exited: 0x0000021bf925bfa0
Event: 24.345 Thread 0x0000021bf0c40360 Thread added: 0x0000021bf925bfa0
Event: 28.881 Thread 0x0000021bf0c40360 Thread added: 0x0000021bf9396f30
Event: 29.613 Thread 0x0000021bf0b41b30 Thread added: 0x0000021bf97d2920
Event: 30.085 Thread 0x0000021bf97d2920 Thread exited: 0x0000021bf97d2920
Event: 32.453 Thread 0x0000021bf0b3c010 Thread added: 0x0000021bf95fe7b0
Event: 32.755 Thread 0x0000021bf95fe7b0 Thread exited: 0x0000021bf95fe7b0


Dynamic libraries:
0x00007ff76d0a0000 - 0x00007ff76d0ae000 	c:\Users\57623\.vscode\extensions\redhat.java-1.53.0-win32-x64\jre\21.0.10-win32-x86_64\bin\java.exe
0x00007fffca2a0000 - 0x00007fffca508000 	C:\WINDOWS\SYSTEM32\ntdll.dll
0x00007fffc97b0000 - 0x00007fffc9879000 	C:\WINDOWS\System32\KERNEL32.DLL
0x00007fffc7840000 - 0x00007fffc7c31000 	C:\WINDOWS\System32\KERNELBASE.dll
0x00007fffc3320000 - 0x00007fffc33be000 	C:\WINDOWS\SYSTEM32\apphelp.dll
0x00007fffc7ef0000 - 0x00007fffc803b000 	C:\WINDOWS\System32\ucrtbase.dll
0x00007fffb2270000 - 0x00007fffb2288000 	c:\Users\57623\.vscode\extensions\redhat.java-1.53.0-win32-x64\jre\21.0.10-win32-x86_64\bin\jli.dll
0x00007fffb2670000 - 0x00007fffb268e000 	c:\Users\57623\.vscode\extensions\redhat.java-1.53.0-win32-x64\jre\21.0.10-win32-x86_64\bin\VCRUNTIME140.dll
0x00007fffc8040000 - 0x00007fffc8206000 	C:\WINDOWS\System32\USER32.dll
0x00007fffc6e30000 - 0x00007fffc6e57000 	C:\WINDOWS\System32\win32u.dll
0x00007fffc9e30000 - 0x00007fffc9e5b000 	C:\WINDOWS\System32\GDI32.dll
0x00007fffc6b80000 - 0x00007fffc6cab000 	C:\WINDOWS\System32\gdi32full.dll
0x00007fffc7790000 - 0x00007fffc7833000 	C:\WINDOWS\System32\msvcp_win.dll
0x00007fffb22f0000 - 0x00007fffb2583000 	C:\WINDOWS\WinSxS\amd64_microsoft.windows.common-controls_6595b64144ccf1df_6.0.26100.7824_none_3e0870b2e3345462\COMCTL32.dll
0x00007fffc9ba0000 - 0x00007fffc9c49000 	C:\WINDOWS\System32\msvcrt.dll
0x00007fffc9ae0000 - 0x00007fffc9b11000 	C:\WINDOWS\System32\IMM32.DLL
0x00007fffb4d00000 - 0x00007fffb4d0c000 	c:\Users\57623\.vscode\extensions\redhat.java-1.53.0-win32-x64\jre\21.0.10-win32-x86_64\bin\vcruntime140_1.dll
0x00007fff7d320000 - 0x00007fff7d3ad000 	c:\Users\57623\.vscode\extensions\redhat.java-1.53.0-win32-x64\jre\21.0.10-win32-x86_64\bin\msvcp140.dll
0x00007fff143c0000 - 0x00007fff15161000 	c:\Users\57623\.vscode\extensions\redhat.java-1.53.0-win32-x64\jre\21.0.10-win32-x86_64\bin\server\jvm.dll
0x00007fffc8e00000 - 0x00007fffc8eb4000 	C:\WINDOWS\System32\ADVAPI32.dll
0x00007fffca180000 - 0x00007fffca226000 	C:\WINDOWS\System32\sechost.dll
0x00007fffc9690000 - 0x00007fffc97a8000 	C:\WINDOWS\System32\RPCRT4.dll
0x00007fffc9e60000 - 0x00007fffc9ed4000 	C:\WINDOWS\System32\WS2_32.dll
0x00007fffc69e0000 - 0x00007fffc6a3e000 	C:\WINDOWS\SYSTEM32\POWRPROF.dll
0x00007fffbe660000 - 0x00007fffbe695000 	C:\WINDOWS\SYSTEM32\WINMM.dll
0x00007fffb5690000 - 0x00007fffb569b000 	C:\WINDOWS\SYSTEM32\VERSION.dll
0x00007fffc69c0000 - 0x00007fffc69d4000 	C:\WINDOWS\SYSTEM32\UMPDC.dll
0x00007fffc5920000 - 0x00007fffc593b000 	C:\WINDOWS\SYSTEM32\kernel.appcore.dll
0x00007fffb47d0000 - 0x00007fffb47da000 	c:\Users\57623\.vscode\extensions\redhat.java-1.53.0-win32-x64\jre\21.0.10-win32-x86_64\bin\jimage.dll
0x00007fffc4990000 - 0x00007fffc4bd2000 	C:\WINDOWS\SYSTEM32\DBGHELP.DLL
0x00007fffc8970000 - 0x00007fffc8cf6000 	C:\WINDOWS\System32\combase.dll
0x00007fffc9880000 - 0x00007fffc9957000 	C:\WINDOWS\System32\OLEAUT32.dll
0x00007fffb7d50000 - 0x00007fffb7d8b000 	C:\WINDOWS\SYSTEM32\dbgcore.DLL
0x00007fffc7db0000 - 0x00007fffc7e55000 	C:\WINDOWS\System32\bcryptPrimitives.dll
0x00007fffb45a0000 - 0x00007fffb45af000 	c:\Users\57623\.vscode\extensions\redhat.java-1.53.0-win32-x64\jre\21.0.10-win32-x86_64\bin\instrument.dll
0x00007fffaf3e0000 - 0x00007fffaf400000 	c:\Users\57623\.vscode\extensions\redhat.java-1.53.0-win32-x64\jre\21.0.10-win32-x86_64\bin\java.dll
0x00007fffc8210000 - 0x00007fffc8962000 	C:\WINDOWS\System32\SHELL32.dll
0x00007fffc7c40000 - 0x00007fffc7daa000 	C:\WINDOWS\System32\wintypes.dll
0x00007fffc6e60000 - 0x00007fffc76c3000 	C:\WINDOWS\System32\windows.storage.dll
0x00007fffc8ec0000 - 0x00007fffc8fb6000 	C:\WINDOWS\System32\SHCORE.dll
0x00007fffc9ee0000 - 0x00007fffc9f47000 	C:\WINDOWS\System32\shlwapi.dll
0x00007fffc6a70000 - 0x00007fffc6a99000 	C:\WINDOWS\SYSTEM32\profapi.dll
0x00007fffaab10000 - 0x00007fffaab28000 	c:\Users\57623\.vscode\extensions\redhat.java-1.53.0-win32-x64\jre\21.0.10-win32-x86_64\bin\zip.dll
0x00007fffaf8b0000 - 0x00007fffaf8c0000 	C:\Users\57623\.vscode\extensions\redhat.java-1.53.0-win32-x64\jre\21.0.10-win32-x86_64\bin\net.dll
0x00007fffb9a30000 - 0x00007fffb9b57000 	C:\WINDOWS\SYSTEM32\WINHTTP.dll
0x00007fffc5e90000 - 0x00007fffc5efb000 	C:\WINDOWS\system32\mswsock.dll
0x00007fffab0f0000 - 0x00007fffab106000 	C:\Users\57623\.vscode\extensions\redhat.java-1.53.0-win32-x64\jre\21.0.10-win32-x86_64\bin\nio.dll
0x00007fffaf640000 - 0x00007fffaf650000 	c:\Users\57623\.vscode\extensions\redhat.java-1.53.0-win32-x64\jre\21.0.10-win32-x86_64\bin\verify.dll

JVMTI agents:
c:\Users\57623\.vscode\extensions\redhat.java-1.53.0-win32-x64\lombok\lombok-1.18.39-4050.jar path:c:\Users\57623\.vscode\extensions\redhat.java-1.53.0-win32-x64\jre\21.0.10-win32-x86_64\bin\instrument.dll, loaded, initialized, instrumentlib options:none

dbghelp: loaded successfully - version: 4.0.5 - missing functions: none
symbol engine: initialized successfully - sym options: 0x614 - pdb path: .;c:\Users\57623\.vscode\extensions\redhat.java-1.53.0-win32-x64\jre\21.0.10-win32-x86_64\bin;C:\WINDOWS\SYSTEM32;C:\WINDOWS\WinSxS\amd64_microsoft.windows.common-controls_6595b64144ccf1df_6.0.26100.7824_none_3e0870b2e3345462;c:\Users\57623\.vscode\extensions\redhat.java-1.53.0-win32-x64\jre\21.0.10-win32-x86_64\bin\server

VM Arguments:
jvm_args: --add-modules=ALL-SYSTEM --add-opens=java.base/java.util=ALL-UNNAMED --add-opens=java.base/java.lang=ALL-UNNAMED --add-opens=java.base/sun.nio.fs=ALL-UNNAMED -Declipse.application=org.eclipse.jdt.ls.core.id1 -Dosgi.bundles.defaultStartLevel=4 -Declipse.product=org.eclipse.jdt.ls.core.product -Djava.import.generatesMetadataFilesAtProjectRoot=false -DDetectVMInstallationsJob.disabled=true -Dfile.encoding=utf8 -XX:+UseParallelGC -XX:GCTimeRatio=4 -XX:AdaptiveSizePolicyWeight=90 -Dsun.zip.disableMemoryMapping=true -Xmx2G -Xms100m -Xlog:disable -javaagent:c:\Users\57623\.vscode\extensions\redhat.java-1.53.0-win32-x64\lombok\lombok-1.18.39-4050.jar 
java_command: c:\Users\57623\.vscode\extensions\redhat.java-1.53.0-win32-x64\server\plugins\org.eclipse.equinox.launcher_1.7.100.v20251111-0406.jar -configuration c:\Users\57623\AppData\Roaming\Code\User\globalStorage\redhat.java\1.53.0\config_ss_win -data c:\Users\57623\AppData\Roaming\Code\User\workspaceStorage\11402382e2d97f95c3912738e4aab1d9\redhat.java\ss_ws --pipe=\\.\pipe\lsp-344387549ad6e47584fc37f9cfcc9431-sock
java_class_path (initial): c:\Users\57623\.vscode\extensions\redhat.java-1.53.0-win32-x64\server\plugins\org.eclipse.equinox.launcher_1.7.100.v20251111-0406.jar
Launcher Type: SUN_STANDARD

[Global flags]
    uintx AdaptiveSizePolicyWeight                 = 90                                        {product} {command line}
     intx CICompilerCount                          = 3                                         {product} {ergonomic}
    uintx GCTimeRatio                              = 4                                         {product} {command line}
   size_t InitialHeapSize                          = 104857600                                 {product} {command line}
   size_t MaxHeapSize                              = 2147483648                                {product} {command line}
   size_t MaxNewSize                               = 715653120                                 {product} {ergonomic}
   size_t MinHeapDeltaBytes                        = 524288                                    {product} {ergonomic}
   size_t MinHeapSize                              = 104857600                                 {product} {command line}
   size_t NewSize                                  = 34603008                                  {product} {ergonomic}
    uintx NonNMethodCodeHeapSize                   = 5832780                                {pd product} {ergonomic}
    uintx NonProfiledCodeHeapSize                  = 122912730                              {pd product} {ergonomic}
   size_t OldSize                                  = 70254592                                  {product} {ergonomic}
    uintx ProfiledCodeHeapSize                     = 122912730                              {pd product} {ergonomic}
    uintx ReservedCodeCacheSize                    = 251658240                              {pd product} {ergonomic}
     bool SegmentedCodeCache                       = true                                      {product} {ergonomic}
   size_t SoftMaxHeapSize                          = 2147483648                             {manageable} {ergonomic}
     bool UseCompressedOops                        = true                           {product lp64_product} {ergonomic}
     bool UseLargePagesIndividualAllocation        = false                                  {pd product} {ergonomic}
     bool UseParallelGC                            = true                                      {product} {command line}

Logging:
Log output configuration:
 #0: stdout all=off uptime,level,tags foldmultilines=false
 #1: stderr all=off uptime,level,tags foldmultilines=false

Release file:
JAVA_VERSION="21.0.10" 
MODULES="java.base java.compiler java.datatransfer java.xml java.prefs java.desktop java.instrument java.logging java.management java.security.sasl java.naming java.rmi java.management.rmi java.net.http java.scripting java.security.jgss java.transaction.xa java.sql java.sql.rowset java.xml.crypto java.se java.smartcardio jdk.accessibility jdk.internal.jvmstat jdk.attach jdk.charsets jdk.internal.opt jdk.zipfs jdk.compiler jdk.crypto.ec jdk.crypto.cryptoki jdk.crypto.mscapi jdk.dynalink jdk.internal.ed jdk.editpad jdk.hotspot.agent jdk.httpserver jdk.internal.le jdk.internal.vm.ci jdk.internal.vm.compiler jdk.internal.vm.compiler.management jdk.jartool jdk.javadoc jdk.jcmd jdk.management jdk.management.agent jdk.jconsole jdk.jdeps jdk.jdwp.agent jdk.jdi jdk.jfr jdk.jshell jdk.jsobject jdk.jstatd jdk.localedata jdk.management.jfr jdk.naming.dns jdk.naming.rmi jdk.net jdk.nio.mapmode jdk.random jdk.sctp jdk.security.auth jdk.security.jgss jdk.unsupported jdk.unsupported.desktop jdk.xml.dom" 

Environment Variables:
PATH=C:\Users\57623\AppData\Local\Programs\Microsoft VS Code;C:\Program Files\Microsoft MPI\Bin\;C:\Program Files\Common Files\Oracle\Java\javapath;C:\Program Files (x86)\Common Files\Oracle\Java\javapath;C:\WINDOWS\system32;C:\WINDOWS;C:\WINDOWS\System32\Wbem;C:\WINDOWS\System32\WindowsPowerShell\v1.0\;C:\WINDOWS\System32\OpenSSH\;C:\Program Files (x86)\dotnet\;C:\Program Files\Java\jdk-22;C:\Program Files (x86)\Microsoft SQL Server\130\Tools\Binn\;C:\Program Files\Microsoft SQL Server\130\Tools\Binn\;C:\Program Files (x86)\Microsoft SQL Server\130\DTS\Binn\;C:\Program Files\Microsoft SQL Server\130\DTS\Binn\;C:\Program Files\Microsoft SQL Server\Client SDK\ODBC\130\Tools\Binn\;C:\Program Files (x86)\Microsoft SQL Server\160\DTS\Binn\;C:\Program Files\nodejs\;C:\Program Files\Git\cmd;C:\Users\57623\AppData\Local\Programs\Python\Launcher\;C:\Users\57623\AppData\Local\Microsoft\WindowsApps;C:\Users\57623\AppData\Local\Programs\Microsoft VS Code\bin;C:\Program Files\Azure Data Studio\bin;D:\Azure\Azure Data Studio\bin;C:\Users\57623\AppData\Roaming\npm;
USERNAME=tak0dachees3
OS=Windows_NT
PROCESSOR_IDENTIFIER=Intel64 Family 6 Model 140 Stepping 1, GenuineIntel
TMP=C:\Users\57623\AppData\Local\Temp
TEMP=C:\Users\57623\AppData\Local\Temp




Periodic native trim disabled

---------------  S Y S T E M  ---------------

OS:
 Windows 11 , 64 bit Build 26100 (10.0.26100.7705)
OS uptime: 3 days 19:46 hours

CPU: total 4 (initial active 4) (2 cores per cpu, 2 threads per core) family 6 model 140 stepping 1 microcode 0x9a, cx8, cmov, fxsr, ht, mmx, 3dnowpref, sse, sse2, sse3, ssse3, sse4.1, sse4.2, popcnt, lzcnt, tsc, tscinvbit, avx, avx2, aes, erms, clmul, bmi1, bmi2, adx, avx512f, avx512dq, avx512cd, avx512bw, avx512vl, sha, fma, vzeroupper, avx512_vpopcntdq, avx512_vpclmulqdq, avx512_vaes, avx512_vnni, clflush, clflushopt, clwb, avx512_vbmi2, avx512_vbmi, rdtscp, rdpid, fsrm, gfni, avx512_bitalg, f16c, pku, cet_ibt, cet_ss, avx512_ifma
Processor Information for the first 4 processors :
  Max Mhz: 2995, Current Mhz: 2995, Mhz Limit: 2995

Memory: 4k page, system-wide physical 7886M (584M free)
TotalPageFile size 20176M (AvailPageFile size 27M)
current process WorkingSet (physical memory assigned to process): 62M, peak: 84M
current process commit charge ("private bytes"): 225M, peak: 225M

vm_info: OpenJDK 64-Bit Server VM (21.0.10+7-LTS) for windows-amd64 JRE (21.0.10+7-LTS), built on 2026-01-20T00:00:00Z by "admin" with MS VC++ 17.12 (VS2022)

END.
